#
# A fatal error has been detected by the Java Runtime Environment:
#
#  EXCEPTION_ACCESS_VIOLATION (0xc0000005) at pc=0x00007fff42e93c00, pid=16836, tid=14476
#
# JRE version: OpenJDK Runtime Environment (11.0.13) (build 11.0.13+0-b1751.21-8125866)
# Java VM: OpenJDK 64-Bit Server VM (11.0.13+0-b1751.21-8125866, mixed mode, tiered, compressed oops, g1 gc, windows-amd64)
# Problematic frame:
# V  [jvm.dll+0x363c00]
#
# No core dump will be written. Minidumps are not enabled by default on client versions of Windows
#
# If you would like to submit a bug report, please visit:
#   https://bugreport.java.com/bugreport/crash.jsp
#

---------------  S U M M A R Y ------------

Command Line: --add-opens=java.base/java.util=ALL-UNNAMED --add-opens=java.base/java.lang=ALL-UNNAMED --add-opens=java.base/java.lang.invoke=ALL-UNNAMED --add-opens=java.base/java.util=ALL-UNNAMED --add-opens=java.prefs/java.util.prefs=ALL-UNNAMED --add-opens=java.prefs/java.util.prefs=ALL-UNNAMED --add-opens=java.base/java.nio.charset=ALL-UNNAMED --add-opens=java.base/java.net=ALL-UNNAMED --add-opens=java.base/java.util.concurrent.atomic=ALL-UNNAMED -Xmx2048m -Dfile.encoding=UTF-8 -Duser.country=ID -Duser.language=en -Duser.variant org.gradle.launcher.daemon.bootstrap.GradleDaemon 7.4

Host: Intel(R) Core(TM) i5-8250U CPU @ 1.60GHz, 8 cores, 15G,  Windows 11 , 64 bit Build 22000 (10.0.22000.1219)
Time: Wed Nov 23 19:03:40 2022 SE Asia Standard Time elapsed time: 32.350405 seconds (0d 0h 0m 32s)

---------------  T H R E A D  ---------------

Current thread (0x0000019437334000):  JavaThread "C2 CompilerThread1" daemon [_thread_in_native, id=14476, stack(0x0000007dc1100000,0x0000007dc1200000)]


Current CompileTask:
C2:  32350 3667   !   4       java.net.URLClassLoader$1::run (81 bytes)

Stack: [0x0000007dc1100000,0x0000007dc1200000],  sp=0x0000007dc11fb940,  free space=1006k
Native frames: (J=compiled Java code, j=interpreted, Vv=VM code, C=native code)
V  [jvm.dll+0x363c00]
V  [jvm.dll+0x35d080]
V  [jvm.dll+0x19d7f9]
V  [jvm.dll+0x2033be]
V  [jvm.dll+0x202437]
V  [jvm.dll+0x188e01]
V  [jvm.dll+0x21106b]
V  [jvm.dll+0x20f8c1]
V  [jvm.dll+0x70de0f]
V  [jvm.dll+0x706a75]
V  [jvm.dll+0x60ed66]
C  [ucrtbase.dll+0x26c0c]
C  [KERNEL32.DLL+0x15550]
C  [ntdll.dll+0x485b]


siginfo: EXCEPTION_ACCESS_VIOLATION (0xc0000005), reading address 0x00007eff43558a10


Register to memory mapping:

RIP=0x00007fff42e93c00 jvm.dll
RAX=0x00007eff43558a10 is an unknown value
RBX=0x00000000000000c8 is an unknown value
RCX=0x0000000000000004 is an unknown value
RDX=0x0 is NULL
RSP=0x0000007dc11fb940 is pointing into the stack for thread: 0x0000019437334000
RBP=0x0000000000000008 is an unknown value
RSI=0x00007fff43558a10 jvm.dll
RDI=0x0000019437e829a0 points into unknown readable memory: 0x0000019437364740 | 40 47 36 37 94 01 00 00
R8 =0x0000000000400000 is an unknown value
R9 =0x0000007dc11fb990 is pointing into the stack for thread: 0x0000019437334000
R10=0x0000000000000019 is an unknown value
R11=0x0000007dc11fb8a0 is pointing into the stack for thread: 0x0000019437334000
R12=0x00007fff42b30000 jvm.dll
R13=0x0000000000000008 is an unknown value
R14=0x0000000000000016 is an unknown value
R15=0x00007fff43558a10 jvm.dll


Registers:
RAX=0x00007eff43558a10, RBX=0x00000000000000c8, RCX=0x0000000000000004, RDX=0x0000000000000000
RSP=0x0000007dc11fb940, RBP=0x0000000000000008, RSI=0x00007fff43558a10, RDI=0x0000019437e829a0
R8 =0x0000000000400000, R9 =0x0000007dc11fb990, R10=0x0000000000000019, R11=0x0000007dc11fb8a0
R12=0x00007fff42b30000, R13=0x0000000000000008, R14=0x0000000000000016, R15=0x00007fff43558a10
RIP=0x00007fff42e93c00, EFLAGS=0x0000000000010246

Top of Stack: (sp=0x0000007dc11fb940)
0x0000007dc11fb940:   0000000000000000 0000000000000000
0x0000007dc11fb950:   0000019437364748 000001943aa25900
0x0000007dc11fb960:   0000000000000116 00007fff42e8d080
0x0000007dc11fb970:   000001943e331c90 0000007dc11fbab0
0x0000007dc11fb980:   0000000000000116 00007fff43387230
0x0000007dc11fb990:   000000fe00000000 0000019400000008
0x0000007dc11fb9a0:   00007eff43558a10 0000000000000001
0x0000007dc11fb9b0:   0000019437dfc290 0000019400000022
0x0000007dc11fb9c0:   000001943e332e10 0000007dc11fbf38
0x0000007dc11fb9d0:   0000019437274ee0 0000000000000000
0x0000007dc11fb9e0:   0000007dc11fbaf0 00007fff42ccd7f9
0x0000007dc11fb9f0:   0000007dc11fbe50 0000007dc11fbf38
0x0000007dc11fba00:   00000000000003d8 0000019437274ef0
0x0000007dc11fba10:   000000000000ba00 0000000000000000
0x0000007dc11fba20:   0000007d00000006 0000019437274ee0
0x0000007dc11fba30:   000001943ad73120 000001943ad74450 

Instructions: (pc=0x00007fff42e93c00)
0x00007fff42e93b00:   58 4c 8b 64 24 50 48 8b c3 48 83 c4 20 41 5f 5f
0x00007fff42e93b10:   5e 5d 5b c3 cc cc cc cc cc cc cc cc cc cc cc cc
0x00007fff42e93b20:   83 3a 00 4c 8b c2 c7 41 08 08 00 00 00 75 16 33
0x00007fff42e93b30:   d2 c7 41 18 01 00 00 00 89 11 48 8b c1 c7 41 28
0x00007fff42e93b40:   01 00 00 00 c3 33 d2 48 89 11 89 51 18 41 8b 80
0x00007fff42e93b50:   90 00 00 00 89 41 28 48 89 51 10 49 8b 40 08 48
0x00007fff42e93b60:   89 41 20 48 8b c1 4c 89 41 30 c3 cc cc cc cc cc
0x00007fff42e93b70:   48 83 ec 28 8b 51 08 4c 8b c9 83 fa 08 73 18 4c
0x00007fff42e93b80:   8b 41 10 8b c2 41 83 3c 80 00 0f 85 0d 01 00 00
0x00007fff42e93b90:   ff c2 83 fa 08 72 ec 44 8b 51 18 48 89 5c 24 30
0x00007fff42e93ba0:   48 89 6c 24 38 48 89 74 24 40 48 89 7c 24 20 44
0x00007fff42e93bb0:   3b 51 28 0f 83 b9 00 00 00 8b 0d 4d 0a 70 00 48
0x00007fff42e93bc0:   8d 35 4a 4e 6c 00 65 48 8b 04 25 58 00 00 00 bd
0x00007fff42e93bd0:   08 00 00 00 48 8d 3c c8 0f 1f 84 00 00 00 00 00
0x00007fff42e93be0:   41 8b c2 48 8d 1c c5 00 00 00 00 49 8b 41 20 48
0x00007fff42e93bf0:   8b 04 03 48 3b c6 74 6d 49 89 41 10 33 d2 66 90
0x00007fff42e93c00:   83 38 00 0f 85 c3 00 00 00 ff c2 48 83 c0 04 83
0x00007fff42e93c10:   fa 08 72 ec 4d 8b 59 30 4d 85 db 74 48 49 8b 43
0x00007fff42e93c20:   08 8b d5 48 03 17 4c 8b 04 03 48 8b 02 48 8b 88
0x00007fff42e93c30:   e8 04 00 00 48 8b 81 88 00 00 00 48 8b 88 b0 08
0x00007fff42e93c40:   00 00 49 89 08 48 8b 02 48 8b 88 e8 04 00 00 48
0x00007fff42e93c50:   8b 81 88 00 00 00 4c 89 80 b0 08 00 00 49 8b 43
0x00007fff42e93c60:   08 48 89 34 03 41 ff c2 45 3b 51 28 0f 82 6e ff
0x00007fff42e93c70:   ff ff 41 8b 41 28 41 89 41 18 33 c0 41 c7 41 08
0x00007fff42e93c80:   08 00 00 00 48 8b 74 24 40 48 8b 6c 24 38 48 8b
0x00007fff42e93c90:   5c 24 30 48 8b 7c 24 20 48 83 c4 28 c3 8b 41 18
0x00007fff42e93ca0:   8d 0c c2 8b c2 c1 e1 05 81 e9 00 01 00 00 41 89
0x00007fff42e93cb0:   49 04 41 8b 0c 80 8d 42 01 41 89 09 49 8b c9 41
0x00007fff42e93cc0:   89 41 08 48 83 c4 28 e9 44 ce e3 ff 42 8d 04 d2
0x00007fff42e93cd0:   c1 e0 05 41 89 41 04 49 8b 41 10 8b 0c 90 41 8d
0x00007fff42e93ce0:   42 01 41 89 41 18 8d 42 01 41 89 09 49 8b c9 41
0x00007fff42e93cf0:   89 41 08 e8 18 ce e3 ff eb 8a cc cc cc cc cc cc 


Stack slot to memory mapping:
stack at sp + 0 slots: 0x0 is NULL
stack at sp + 1 slots: 0x0 is NULL
stack at sp + 2 slots: 0x0000019437364748 points into unknown readable memory: 0x0000019437334000 | 00 40 33 37 94 01 00 00
stack at sp + 3 slots: 0x000001943aa25900 points into unknown readable memory: 0x61726574492f6c69 | 69 6c 2f 49 74 65 72 61
stack at sp + 4 slots: 0x0000000000000116 is an unknown value
stack at sp + 5 slots: 0x00007fff42e8d080 jvm.dll
stack at sp + 6 slots: 0x000001943e331c90 points into unknown readable memory: 0x0000000000000003 | 03 00 00 00 00 00 00 00
stack at sp + 7 slots: 0x0000007dc11fbab0 is pointing into the stack for thread: 0x0000019437334000


---------------  P R O C E S S  ---------------

Threads class SMR info:
_java_thread_list=0x0000019437baf120, length=37, elements={
0x000001941a33c800, 0x000001943481c800, 0x000001943481e000, 0x00000194350b6800,
0x00000194350b7800, 0x00000194350b9000, 0x00000194350c4000, 0x00000194350ca800,
0x00000194350ce000, 0x0000019435235800, 0x00000194373ac000, 0x000001943845b800,
0x0000019437e19800, 0x0000019437534800, 0x0000019436078000, 0x0000019437959800,
0x0000019435187800, 0x00000194377d1000, 0x000001943878e800, 0x0000019438491000,
0x000001943848e000, 0x0000019438492000, 0x000001943848f800, 0x000001943848c000,
0x0000019438490000, 0x0000019438492800, 0x000001943848d000, 0x000001943848e800,
0x0000019438b4c000, 0x0000019438b4d000, 0x0000019437334000, 0x0000019437aa2800,
0x0000019438b47000, 0x0000019438b4d800, 0x0000019438b48800, 0x0000019438b4f800,
0x0000019438b49800
}

Java Threads: ( => current thread )
  0x000001941a33c800 JavaThread "main" [_thread_blocked, id=19096, stack(0x0000007dbeb00000,0x0000007dbec00000)]
  0x000001943481c800 JavaThread "Reference Handler" daemon [_thread_blocked, id=14144, stack(0x0000007dbf200000,0x0000007dbf300000)]
  0x000001943481e000 JavaThread "Finalizer" daemon [_thread_blocked, id=11688, stack(0x0000007dbf300000,0x0000007dbf400000)]
  0x00000194350b6800 JavaThread "Signal Dispatcher" daemon [_thread_blocked, id=25040, stack(0x0000007dbf400000,0x0000007dbf500000)]
  0x00000194350b7800 JavaThread "Attach Listener" daemon [_thread_blocked, id=22712, stack(0x0000007dbf500000,0x0000007dbf600000)]
  0x00000194350b9000 JavaThread "Service Thread" daemon [_thread_blocked, id=23276, stack(0x0000007dbf600000,0x0000007dbf700000)]
  0x00000194350c4000 JavaThread "C2 CompilerThread0" daemon [_thread_in_native, id=26416, stack(0x0000007dbf700000,0x0000007dbf800000)]
  0x00000194350ca800 JavaThread "C1 CompilerThread0" daemon [_thread_in_vm, id=27116, stack(0x0000007dbf800000,0x0000007dbf900000)]
  0x00000194350ce000 JavaThread "Sweeper thread" daemon [_thread_blocked, id=17880, stack(0x0000007dbf900000,0x0000007dbfa00000)]
  0x0000019435235800 JavaThread "Common-Cleaner" daemon [_thread_blocked, id=18664, stack(0x0000007dbfa00000,0x0000007dbfb00000)]
  0x00000194373ac000 JavaThread "Daemon health stats" [_thread_blocked, id=20820, stack(0x0000007dc0300000,0x0000007dc0400000)]
  0x000001943845b800 JavaThread "Incoming local TCP Connector on port 62681" [_thread_in_native, id=13240, stack(0x0000007dc0100000,0x0000007dc0200000)]
  0x0000019437e19800 JavaThread "Daemon periodic checks" [_thread_blocked, id=12220, stack(0x0000007dc0200000,0x0000007dc0300000)]
  0x0000019437534800 JavaThread "Daemon" [_thread_blocked, id=26880, stack(0x0000007dc0400000,0x0000007dc0500000)]
  0x0000019436078000 JavaThread "Handler for socket connection from /127.0.0.1:62681 to /127.0.0.1:62682" [_thread_in_native, id=2484, stack(0x0000007dc0500000,0x0000007dc0600000)]
  0x0000019437959800 JavaThread "Cancel handler" [_thread_blocked, id=15144, stack(0x0000007dc0600000,0x0000007dc0700000)]
  0x0000019435187800 JavaThread "Daemon worker" [_thread_in_vm, id=26596, stack(0x0000007dc0700000,0x0000007dc0800000)]
  0x00000194377d1000 JavaThread "Asynchronous log dispatcher for DefaultDaemonConnection: socket connection from /127.0.0.1:62681 to /127.0.0.1:62682" [_thread_blocked, id=11176, stack(0x0000007dc0800000,0x0000007dc0900000)]
  0x000001943878e800 JavaThread "Stdin handler" [_thread_blocked, id=18840, stack(0x0000007dc0900000,0x0000007dc0a00000)]
  0x0000019438491000 JavaThread "Daemon client event forwarder" [_thread_blocked, id=26992, stack(0x0000007dc0a00000,0x0000007dc0b00000)]
  0x000001943848e000 JavaThread "Cache worker for journal cache (C:\Users\Dinda\.gradle\caches\journal-1)" [_thread_blocked, id=13120, stack(0x0000007dc0b00000,0x0000007dc0c00000)]
  0x0000019438492000 JavaThread "File lock request listener" [_thread_in_native, id=22760, stack(0x0000007dc0c00000,0x0000007dc0d00000)]
  0x000001943848f800 JavaThread "Cache worker for file hash cache (C:\Users\Dinda\.gradle\caches\7.4\fileHashes)" [_thread_blocked, id=27544, stack(0x0000007dc0d00000,0x0000007dc0e00000)]
  0x000001943848c000 JavaThread "File watcher server" daemon [_thread_in_native, id=23632, stack(0x0000007dc1200000,0x0000007dc1300000)]
  0x0000019438490000 JavaThread "File watcher consumer" daemon [_thread_blocked, id=20000, stack(0x0000007dc1300000,0x0000007dc1400000)]
  0x0000019438492800 JavaThread "Cache worker for checksums cache (D:\Dinda\Kuliah\New folder\AndroidStudio-master\.gradle\7.4\checksums)" [_thread_blocked, id=23160, stack(0x0000007dc1400000,0x0000007dc1500000)]
  0x000001943848d000 JavaThread "Cache worker for cache directory md-rule (C:\Users\Dinda\.gradle\caches\7.4\md-rule)" [_thread_blocked, id=5316, stack(0x0000007dc1500000,0x0000007dc1600000)]
  0x000001943848e800 JavaThread "Cache worker for file hash cache (D:\Dinda\Kuliah\New folder\AndroidStudio-master\.gradle\7.4\fileHashes)" [_thread_blocked, id=5996, stack(0x0000007dc1600000,0x0000007dc1700000)]
  0x0000019438b4c000 JavaThread "Cache worker for cache directory md-supplier (C:\Users\Dinda\.gradle\caches\7.4\md-supplier)" [_thread_blocked, id=1852, stack(0x0000007dc1700000,0x0000007dc1800000)]
  0x0000019438b4d000 JavaThread "Cache worker for execution history cache (C:\Users\Dinda\.gradle\caches\7.4\executionHistory)" [_thread_blocked, id=10704, stack(0x0000007dc1800000,0x0000007dc1900000)]
=>0x0000019437334000 JavaThread "C2 CompilerThread1" daemon [_thread_in_native, id=14476, stack(0x0000007dc1100000,0x0000007dc1200000)]
  0x0000019437aa2800 JavaThread "C2 CompilerThread2" daemon [_thread_in_native, id=27168, stack(0x0000007dc1900000,0x0000007dc1a00000)]
  0x0000019438b47000 JavaThread "jar transforms" [_thread_blocked, id=8912, stack(0x0000007dc1a00000,0x0000007dc1b00000)]
  0x0000019438b4d800 JavaThread "Cache worker for file content cache (C:\Users\Dinda\.gradle\caches\7.4\fileContent)" [_thread_blocked, id=23428, stack(0x0000007dc1b00000,0x0000007dc1c00000)]
  0x0000019438b48800 JavaThread "jar transforms Thread 2" [_thread_blocked, id=8588, stack(0x0000007dc1c00000,0x0000007dc1d00000)]
  0x0000019438b4f800 JavaThread "Cache worker for dependencies-accessors (D:\Dinda\Kuliah\New folder\AndroidStudio-master\.gradle\7.4\dependencies-accessors)" [_thread_blocked, id=24456, stack(0x0000007dc1d00000,0x0000007dc1e00000)]
  0x0000019438b49800 JavaThread "jar transforms Thread 3" [_thread_blocked, id=23960, stack(0x0000007dc1e00000,0x0000007dc1f00000)]

Other Threads:
  0x000001943481a000 VMThread "VM Thread" [stack: 0x0000007dbf100000,0x0000007dbf200000] [id=20964]
  0x0000019435259000 WatcherThread [stack: 0x0000007dbfb00000,0x0000007dbfc00000] [id=25388]
  0x000001941a356000 GCTaskThread "GC Thread#0" [stack: 0x0000007dbec00000,0x0000007dbed00000] [id=28596]
  0x0000019435769800 GCTaskThread "GC Thread#1" [stack: 0x0000007dbfc00000,0x0000007dbfd00000] [id=22576]
  0x00000194353c1000 GCTaskThread "GC Thread#2" [stack: 0x0000007dbfd00000,0x0000007dbfe00000] [id=23600]
  0x0000019436330800 GCTaskThread "GC Thread#3" [stack: 0x0000007dbfe00000,0x0000007dbff00000] [id=24824]
  0x0000019436332800 GCTaskThread "GC Thread#4" [stack: 0x0000007dbff00000,0x0000007dc0000000] [id=13260]
  0x0000019436333800 GCTaskThread "GC Thread#5" [stack: 0x0000007dc0000000,0x0000007dc0100000] [id=14040]
  0x0000019436331000 GCTaskThread "GC Thread#6" [stack: 0x0000007dc0e00000,0x0000007dc0f00000] [id=26136]
  0x0000019436332000 GCTaskThread "GC Thread#7" [stack: 0x0000007dc0f00000,0x0000007dc1000000] [id=19912]
  0x000001941a38a800 ConcurrentGCThread "G1 Main Marker" [stack: 0x0000007dbed00000,0x0000007dbee00000] [id=8512]
  0x000001941a38c000 ConcurrentGCThread "G1 Conc#0" [stack: 0x0000007dbee00000,0x0000007dbef00000] [id=25500]
  0x0000019436334000 ConcurrentGCThread "G1 Conc#1" [stack: 0x0000007dc1000000,0x0000007dc1100000] [id=19600]
  0x00000194346a1000 ConcurrentGCThread "G1 Refine#0" [stack: 0x0000007dbef00000,0x0000007dbf000000] [id=17868]
  0x00000194346a4000 ConcurrentGCThread "G1 Young RemSet Sampling" [stack: 0x0000007dbf000000,0x0000007dbf100000] [id=18944]

Threads with active compile tasks:
C2 CompilerThread0  32525 3803       4       java.lang.invoke.MethodType::makeImpl (108 bytes)
C2 CompilerThread1  32525 3667   !   4       java.net.URLClassLoader$1::run (81 bytes)
C2 CompilerThread2  32525 3666       4       java.net.URLClassLoader$1::run (5 bytes)

VM state:not at safepoint (normal execution)

VM Mutex/Monitor currently owned by a thread: None

Heap address: 0x0000000080000000, size: 2048 MB, Compressed Oops mode: 32-bit
Narrow klass base: 0x0000000000000000, Narrow klass shift: 3
Compressed class space size: 1073741824 Address: 0x0000000100000000

Heap:
 garbage-first heap   total 262144K, used 131099K [0x0000000080000000, 0x0000000100000000)
  region size 1024K, 110 young (112640K), 6 survivors (6144K)
 Metaspace       used 44282K, capacity 45344K, committed 45648K, reserved 1089536K
  class space    used 5586K, capacity 5962K, committed 6016K, reserved 1048576K
Heap Regions: E=young(eden), S=young(survivor), O=old, HS=humongous(starts), HC=humongous(continues), CS=collection set, F=free, A=archive, TAMS=top-at-mark-start (previous, next)
|   0|0x0000000080000000, 0x0000000080100000, 0x0000000080100000|100%| O|  |TAMS 0x0000000080100000, 0x0000000080000000| Untracked 
|   1|0x0000000080100000, 0x0000000080200000, 0x0000000080200000|100%| O|  |TAMS 0x0000000080200000, 0x0000000080100000| Untracked 
|   2|0x0000000080200000, 0x0000000080300000, 0x0000000080300000|100%| O|  |TAMS 0x0000000080300000, 0x0000000080200000| Untracked 
|   3|0x0000000080300000, 0x0000000080400000, 0x0000000080400000|100%|HS|  |TAMS 0x0000000080400000, 0x0000000080300000| Complete 
|   4|0x0000000080400000, 0x0000000080500000, 0x0000000080500000|100%|HC|  |TAMS 0x0000000080500000, 0x0000000080400000| Complete 
|   5|0x0000000080500000, 0x0000000080600000, 0x0000000080600000|100%|HC|  |TAMS 0x0000000080600000, 0x0000000080500000| Complete 
|   6|0x0000000080600000, 0x0000000080700000, 0x0000000080700000|100%| O|  |TAMS 0x0000000080700000, 0x0000000080600000| Untracked 
|   7|0x0000000080700000, 0x0000000080800000, 0x0000000080800000|100%| O|  |TAMS 0x0000000080800000, 0x0000000080700000| Untracked 
|   8|0x0000000080800000, 0x0000000080900000, 0x0000000080900000|100%| O|  |TAMS 0x0000000080900000, 0x0000000080800000| Untracked 
|   9|0x0000000080900000, 0x0000000080a00000, 0x0000000080a00000|100%| O|  |TAMS 0x0000000080a00000, 0x0000000080900000| Untracked 
|  10|0x0000000080a00000, 0x0000000080b00000, 0x0000000080b00000|100%| O|  |TAMS 0x0000000080b00000, 0x0000000080a00000| Untracked 
|  11|0x0000000080b00000, 0x0000000080c00000, 0x0000000080c00000|100%| O|  |TAMS 0x0000000080c00000, 0x0000000080b00000| Untracked 
|  12|0x0000000080c00000, 0x0000000080d00000, 0x0000000080d00000|100%| O|  |TAMS 0x0000000080d00000, 0x0000000080c00000| Untracked 
|  13|0x0000000080d00000, 0x0000000080e00000, 0x0000000080e00000|100%| O|  |TAMS 0x0000000080e00000, 0x0000000080d00000| Untracked 
|  14|0x0000000080e00000, 0x0000000080f00000, 0x0000000080f00000|100%| O|  |TAMS 0x0000000080f00000, 0x0000000080e00000| Untracked 
|  15|0x0000000080f00000, 0x0000000081000000, 0x0000000081000000|100%| O|  |TAMS 0x0000000081000000, 0x0000000080f00000| Untracked 
|  16|0x0000000081000000, 0x0000000081088c00, 0x0000000081100000| 53%| O|  |TAMS 0x0000000081088c00, 0x0000000081000000| Untracked 
|  17|0x0000000081100000, 0x0000000081200000, 0x0000000081200000|100%|HS|  |TAMS 0x0000000081100000, 0x0000000081100000| Complete 
|  18|0x0000000081200000, 0x0000000081300000, 0x0000000081300000|100%|HS|  |TAMS 0x0000000081200000, 0x0000000081200000| Complete 
|  19|0x0000000081300000, 0x0000000081400000, 0x0000000081400000|100%|HC|  |TAMS 0x0000000081300000, 0x0000000081300000| Complete 
|  20|0x0000000081400000, 0x0000000081500000, 0x0000000081500000|100%|HS|  |TAMS 0x0000000081400000, 0x0000000081400000| Complete 
|  21|0x0000000081500000, 0x0000000081500000, 0x0000000081600000|  0%| F|  |TAMS 0x0000000081500000, 0x0000000081500000| Untracked 
|  22|0x0000000081600000, 0x0000000081600000, 0x0000000081700000|  0%| F|  |TAMS 0x0000000081600000, 0x0000000081600000| Untracked 
|  23|0x0000000081700000, 0x0000000081700000, 0x0000000081800000|  0%| F|  |TAMS 0x0000000081700000, 0x0000000081700000| Untracked 
|  24|0x0000000081800000, 0x0000000081800000, 0x0000000081900000|  0%| F|  |TAMS 0x0000000081800000, 0x0000000081800000| Untracked 
|  25|0x0000000081900000, 0x0000000081900000, 0x0000000081a00000|  0%| F|  |TAMS 0x0000000081900000, 0x0000000081900000| Untracked 
|  26|0x0000000081a00000, 0x0000000081a00000, 0x0000000081b00000|  0%| F|  |TAMS 0x0000000081a00000, 0x0000000081a00000| Untracked 
|  27|0x0000000081b00000, 0x0000000081b00000, 0x0000000081c00000|  0%| F|  |TAMS 0x0000000081b00000, 0x0000000081b00000| Untracked 
|  28|0x0000000081c00000, 0x0000000081c00000, 0x0000000081d00000|  0%| F|  |TAMS 0x0000000081c00000, 0x0000000081c00000| Untracked 
|  29|0x0000000081d00000, 0x0000000081d00000, 0x0000000081e00000|  0%| F|  |TAMS 0x0000000081d00000, 0x0000000081d00000| Untracked 
|  30|0x0000000081e00000, 0x0000000081e00000, 0x0000000081f00000|  0%| F|  |TAMS 0x0000000081e00000, 0x0000000081e00000| Untracked 
|  31|0x0000000081f00000, 0x0000000081f00000, 0x0000000082000000|  0%| F|  |TAMS 0x0000000081f00000, 0x0000000081f00000| Untracked 
|  32|0x0000000082000000, 0x0000000082000000, 0x0000000082100000|  0%| F|  |TAMS 0x0000000082000000, 0x0000000082000000| Untracked 
|  33|0x0000000082100000, 0x0000000082100000, 0x0000000082200000|  0%| F|  |TAMS 0x0000000082100000, 0x0000000082100000| Untracked 
|  34|0x0000000082200000, 0x0000000082200000, 0x0000000082300000|  0%| F|  |TAMS 0x0000000082200000, 0x0000000082200000| Untracked 
|  35|0x0000000082300000, 0x0000000082300000, 0x0000000082400000|  0%| F|  |TAMS 0x0000000082300000, 0x0000000082300000| Untracked 
|  36|0x0000000082400000, 0x0000000082400000, 0x0000000082500000|  0%| F|  |TAMS 0x0000000082400000, 0x0000000082400000| Untracked 
|  37|0x0000000082500000, 0x0000000082500000, 0x0000000082600000|  0%| F|  |TAMS 0x0000000082500000, 0x0000000082500000| Untracked 
|  38|0x0000000082600000, 0x0000000082600000, 0x0000000082700000|  0%| F|  |TAMS 0x0000000082600000, 0x0000000082600000| Untracked 
|  39|0x0000000082700000, 0x0000000082700000, 0x0000000082800000|  0%| F|  |TAMS 0x0000000082700000, 0x0000000082700000| Untracked 
|  40|0x0000000082800000, 0x0000000082800000, 0x0000000082900000|  0%| F|  |TAMS 0x0000000082800000, 0x0000000082800000| Untracked 
|  41|0x0000000082900000, 0x0000000082900000, 0x0000000082a00000|  0%| F|  |TAMS 0x0000000082900000, 0x0000000082900000| Untracked 
|  42|0x0000000082a00000, 0x0000000082a00000, 0x0000000082b00000|  0%| F|  |TAMS 0x0000000082a00000, 0x0000000082a00000| Untracked 
|  43|0x0000000082b00000, 0x0000000082b00000, 0x0000000082c00000|  0%| F|  |TAMS 0x0000000082b00000, 0x0000000082b00000| Untracked 
|  44|0x0000000082c00000, 0x0000000082c00000, 0x0000000082d00000|  0%| F|  |TAMS 0x0000000082c00000, 0x0000000082c00000| Untracked 
|  45|0x0000000082d00000, 0x0000000082d00000, 0x0000000082e00000|  0%| F|  |TAMS 0x0000000082d00000, 0x0000000082d00000| Untracked 
|  46|0x0000000082e00000, 0x0000000082e00000, 0x0000000082f00000|  0%| F|  |TAMS 0x0000000082e00000, 0x0000000082e00000| Untracked 
|  47|0x0000000082f00000, 0x0000000082f00000, 0x0000000083000000|  0%| F|  |TAMS 0x0000000082f00000, 0x0000000082f00000| Untracked 
|  48|0x0000000083000000, 0x0000000083000000, 0x0000000083100000|  0%| F|  |TAMS 0x0000000083000000, 0x0000000083000000| Untracked 
|  49|0x0000000083100000, 0x0000000083100000, 0x0000000083200000|  0%| F|  |TAMS 0x0000000083100000, 0x0000000083100000| Untracked 
|  50|0x0000000083200000, 0x0000000083200000, 0x0000000083300000|  0%| F|  |TAMS 0x0000000083200000, 0x0000000083200000| Untracked 
|  51|0x0000000083300000, 0x0000000083300000, 0x0000000083400000|  0%| F|  |TAMS 0x0000000083300000, 0x0000000083300000| Untracked 
|  52|0x0000000083400000, 0x0000000083400000, 0x0000000083500000|  0%| F|  |TAMS 0x0000000083400000, 0x0000000083400000| Untracked 
|  53|0x0000000083500000, 0x0000000083500000, 0x0000000083600000|  0%| F|  |TAMS 0x0000000083500000, 0x0000000083500000| Untracked 
|  54|0x0000000083600000, 0x0000000083600000, 0x0000000083700000|  0%| F|  |TAMS 0x0000000083600000, 0x0000000083600000| Untracked 
|  55|0x0000000083700000, 0x0000000083700000, 0x0000000083800000|  0%| F|  |TAMS 0x0000000083700000, 0x0000000083700000| Untracked 
|  56|0x0000000083800000, 0x0000000083800000, 0x0000000083900000|  0%| F|  |TAMS 0x0000000083800000, 0x0000000083800000| Untracked 
|  57|0x0000000083900000, 0x0000000083900000, 0x0000000083a00000|  0%| F|  |TAMS 0x0000000083900000, 0x0000000083900000| Untracked 
|  58|0x0000000083a00000, 0x0000000083a00000, 0x0000000083b00000|  0%| F|  |TAMS 0x0000000083a00000, 0x0000000083a00000| Untracked 
|  59|0x0000000083b00000, 0x0000000083b00000, 0x0000000083c00000|  0%| F|  |TAMS 0x0000000083b00000, 0x0000000083b00000| Untracked 
|  60|0x0000000083c00000, 0x0000000083c00000, 0x0000000083d00000|  0%| F|  |TAMS 0x0000000083c00000, 0x0000000083c00000| Untracked 
|  61|0x0000000083d00000, 0x0000000083d00000, 0x0000000083e00000|  0%| F|  |TAMS 0x0000000083d00000, 0x0000000083d00000| Untracked 
|  62|0x0000000083e00000, 0x0000000083e00000, 0x0000000083f00000|  0%| F|  |TAMS 0x0000000083e00000, 0x0000000083e00000| Untracked 
|  63|0x0000000083f00000, 0x0000000083f00000, 0x0000000084000000|  0%| F|  |TAMS 0x0000000083f00000, 0x0000000083f00000| Untracked 
|  64|0x0000000084000000, 0x0000000084000000, 0x0000000084100000|  0%| F|  |TAMS 0x0000000084000000, 0x0000000084000000| Untracked 
|  65|0x0000000084100000, 0x0000000084100000, 0x0000000084200000|  0%| F|  |TAMS 0x0000000084100000, 0x0000000084100000| Untracked 
|  66|0x0000000084200000, 0x0000000084200000, 0x0000000084300000|  0%| F|  |TAMS 0x0000000084200000, 0x0000000084200000| Untracked 
|  67|0x0000000084300000, 0x0000000084300000, 0x0000000084400000|  0%| F|  |TAMS 0x0000000084300000, 0x0000000084300000| Untracked 
|  68|0x0000000084400000, 0x0000000084400000, 0x0000000084500000|  0%| F|  |TAMS 0x0000000084400000, 0x0000000084400000| Untracked 
|  69|0x0000000084500000, 0x0000000084500000, 0x0000000084600000|  0%| F|  |TAMS 0x0000000084500000, 0x0000000084500000| Untracked 
|  70|0x0000000084600000, 0x0000000084600000, 0x0000000084700000|  0%| F|  |TAMS 0x0000000084600000, 0x0000000084600000| Untracked 
|  71|0x0000000084700000, 0x0000000084700000, 0x0000000084800000|  0%| F|  |TAMS 0x0000000084700000, 0x0000000084700000| Untracked 
|  72|0x0000000084800000, 0x0000000084800000, 0x0000000084900000|  0%| F|  |TAMS 0x0000000084800000, 0x0000000084800000| Untracked 
|  73|0x0000000084900000, 0x0000000084900000, 0x0000000084a00000|  0%| F|  |TAMS 0x0000000084900000, 0x0000000084900000| Untracked 
|  74|0x0000000084a00000, 0x0000000084a00000, 0x0000000084b00000|  0%| F|  |TAMS 0x0000000084a00000, 0x0000000084a00000| Untracked 
|  75|0x0000000084b00000, 0x0000000084b00000, 0x0000000084c00000|  0%| F|  |TAMS 0x0000000084b00000, 0x0000000084b00000| Untracked 
|  76|0x0000000084c00000, 0x0000000084c00000, 0x0000000084d00000|  0%| F|  |TAMS 0x0000000084c00000, 0x0000000084c00000| Untracked 
|  77|0x0000000084d00000, 0x0000000084d00000, 0x0000000084e00000|  0%| F|  |TAMS 0x0000000084d00000, 0x0000000084d00000| Untracked 
|  78|0x0000000084e00000, 0x0000000084e00000, 0x0000000084f00000|  0%| F|  |TAMS 0x0000000084e00000, 0x0000000084e00000| Untracked 
|  79|0x0000000084f00000, 0x0000000084f00000, 0x0000000085000000|  0%| F|  |TAMS 0x0000000084f00000, 0x0000000084f00000| Untracked 
|  80|0x0000000085000000, 0x0000000085000000, 0x0000000085100000|  0%| F|  |TAMS 0x0000000085000000, 0x0000000085000000| Untracked 
|  81|0x0000000085100000, 0x0000000085100000, 0x0000000085200000|  0%| F|  |TAMS 0x0000000085100000, 0x0000000085100000| Untracked 
|  82|0x0000000085200000, 0x0000000085200000, 0x0000000085300000|  0%| F|  |TAMS 0x0000000085200000, 0x0000000085200000| Untracked 
|  83|0x0000000085300000, 0x0000000085300000, 0x0000000085400000|  0%| F|  |TAMS 0x0000000085300000, 0x0000000085300000| Untracked 
|  84|0x0000000085400000, 0x0000000085400000, 0x0000000085500000|  0%| F|  |TAMS 0x0000000085400000, 0x0000000085400000| Untracked 
|  85|0x0000000085500000, 0x0000000085500000, 0x0000000085600000|  0%| F|  |TAMS 0x0000000085500000, 0x0000000085500000| Untracked 
|  86|0x0000000085600000, 0x0000000085600000, 0x0000000085700000|  0%| F|  |TAMS 0x0000000085600000, 0x0000000085600000| Untracked 
|  87|0x0000000085700000, 0x0000000085700000, 0x0000000085800000|  0%| F|  |TAMS 0x0000000085700000, 0x0000000085700000| Untracked 
|  88|0x0000000085800000, 0x0000000085800000, 0x0000000085900000|  0%| F|  |TAMS 0x0000000085800000, 0x0000000085800000| Untracked 
|  89|0x0000000085900000, 0x0000000085900000, 0x0000000085a00000|  0%| F|  |TAMS 0x0000000085900000, 0x0000000085900000| Untracked 
|  90|0x0000000085a00000, 0x0000000085a00000, 0x0000000085b00000|  0%| F|  |TAMS 0x0000000085a00000, 0x0000000085a00000| Untracked 
|  91|0x0000000085b00000, 0x0000000085b00000, 0x0000000085c00000|  0%| F|  |TAMS 0x0000000085b00000, 0x0000000085b00000| Untracked 
|  92|0x0000000085c00000, 0x0000000085c00000, 0x0000000085d00000|  0%| F|  |TAMS 0x0000000085c00000, 0x0000000085c00000| Untracked 
|  93|0x0000000085d00000, 0x0000000085d00000, 0x0000000085e00000|  0%| F|  |TAMS 0x0000000085d00000, 0x0000000085d00000| Untracked 
|  94|0x0000000085e00000, 0x0000000085e00000, 0x0000000085f00000|  0%| F|  |TAMS 0x0000000085e00000, 0x0000000085e00000| Untracked 
|  95|0x0000000085f00000, 0x0000000085f00000, 0x0000000086000000|  0%| F|  |TAMS 0x0000000085f00000, 0x0000000085f00000| Untracked 
|  96|0x0000000086000000, 0x0000000086000000, 0x0000000086100000|  0%| F|  |TAMS 0x0000000086000000, 0x0000000086000000| Untracked 
|  97|0x0000000086100000, 0x0000000086100000, 0x0000000086200000|  0%| F|  |TAMS 0x0000000086100000, 0x0000000086100000| Untracked 
|  98|0x0000000086200000, 0x0000000086200000, 0x0000000086300000|  0%| F|  |TAMS 0x0000000086200000, 0x0000000086200000| Untracked 
|  99|0x0000000086300000, 0x0000000086300000, 0x0000000086400000|  0%| F|  |TAMS 0x0000000086300000, 0x0000000086300000| Untracked 
| 100|0x0000000086400000, 0x0000000086400000, 0x0000000086500000|  0%| F|  |TAMS 0x0000000086400000, 0x0000000086400000| Untracked 
| 101|0x0000000086500000, 0x0000000086500000, 0x0000000086600000|  0%| F|  |TAMS 0x0000000086500000, 0x0000000086500000| Untracked 
| 102|0x0000000086600000, 0x0000000086600000, 0x0000000086700000|  0%| F|  |TAMS 0x0000000086600000, 0x0000000086600000| Untracked 
| 103|0x0000000086700000, 0x0000000086700000, 0x0000000086800000|  0%| F|  |TAMS 0x0000000086700000, 0x0000000086700000| Untracked 
| 104|0x0000000086800000, 0x0000000086800000, 0x0000000086900000|  0%| F|  |TAMS 0x0000000086800000, 0x0000000086800000| Untracked 
| 105|0x0000000086900000, 0x0000000086900000, 0x0000000086a00000|  0%| F|  |TAMS 0x0000000086900000, 0x0000000086900000| Untracked 
| 106|0x0000000086a00000, 0x0000000086a00000, 0x0000000086b00000|  0%| F|  |TAMS 0x0000000086a00000, 0x0000000086a00000| Untracked 
| 107|0x0000000086b00000, 0x0000000086b00000, 0x0000000086c00000|  0%| F|  |TAMS 0x0000000086b00000, 0x0000000086b00000| Untracked 
| 108|0x0000000086c00000, 0x0000000086c00000, 0x0000000086d00000|  0%| F|  |TAMS 0x0000000086c00000, 0x0000000086c00000| Untracked 
| 109|0x0000000086d00000, 0x0000000086d00000, 0x0000000086e00000|  0%| F|  |TAMS 0x0000000086d00000, 0x0000000086d00000| Untracked 
| 110|0x0000000086e00000, 0x0000000086e00000, 0x0000000086f00000|  0%| F|  |TAMS 0x0000000086e00000, 0x0000000086e00000| Untracked 
| 111|0x0000000086f00000, 0x0000000086f00000, 0x0000000087000000|  0%| F|  |TAMS 0x0000000086f00000, 0x0000000086f00000| Untracked 
| 112|0x0000000087000000, 0x0000000087000000, 0x0000000087100000|  0%| F|  |TAMS 0x0000000087000000, 0x0000000087000000| Untracked 
| 113|0x0000000087100000, 0x0000000087100000, 0x0000000087200000|  0%| F|  |TAMS 0x0000000087100000, 0x0000000087100000| Untracked 
| 114|0x0000000087200000, 0x0000000087200000, 0x0000000087300000|  0%| F|  |TAMS 0x0000000087200000, 0x0000000087200000| Untracked 
| 115|0x0000000087300000, 0x0000000087300000, 0x0000000087400000|  0%| F|  |TAMS 0x0000000087300000, 0x0000000087300000| Untracked 
| 116|0x0000000087400000, 0x0000000087400000, 0x0000000087500000|  0%| F|  |TAMS 0x0000000087400000, 0x0000000087400000| Untracked 
| 117|0x0000000087500000, 0x0000000087500000, 0x0000000087600000|  0%| F|  |TAMS 0x0000000087500000, 0x0000000087500000| Untracked 
| 118|0x0000000087600000, 0x0000000087600000, 0x0000000087700000|  0%| F|  |TAMS 0x0000000087600000, 0x0000000087600000| Untracked 
| 119|0x0000000087700000, 0x0000000087700000, 0x0000000087800000|  0%| F|  |TAMS 0x0000000087700000, 0x0000000087700000| Untracked 
| 120|0x0000000087800000, 0x0000000087800000, 0x0000000087900000|  0%| F|  |TAMS 0x0000000087800000, 0x0000000087800000| Untracked 
| 121|0x0000000087900000, 0x0000000087900000, 0x0000000087a00000|  0%| F|  |TAMS 0x0000000087900000, 0x0000000087900000| Untracked 
| 122|0x0000000087a00000, 0x0000000087a00000, 0x0000000087b00000|  0%| F|  |TAMS 0x0000000087a00000, 0x0000000087a00000| Untracked 
| 123|0x0000000087b00000, 0x0000000087b00000, 0x0000000087c00000|  0%| F|  |TAMS 0x0000000087b00000, 0x0000000087b00000| Untracked 
| 124|0x0000000087c00000, 0x0000000087c00000, 0x0000000087d00000|  0%| F|  |TAMS 0x0000000087c00000, 0x0000000087c00000| Untracked 
| 125|0x0000000087d00000, 0x0000000087d00000, 0x0000000087e00000|  0%| F|  |TAMS 0x0000000087d00000, 0x0000000087d00000| Untracked 
| 126|0x0000000087e00000, 0x0000000087e00000, 0x0000000087f00000|  0%| F|  |TAMS 0x0000000087e00000, 0x0000000087e00000| Untracked 
| 127|0x0000000087f00000, 0x0000000087f00000, 0x0000000088000000|  0%| F|  |TAMS 0x0000000087f00000, 0x0000000087f00000| Untracked 
| 128|0x0000000088000000, 0x0000000088000000, 0x0000000088100000|  0%| F|  |TAMS 0x0000000088000000, 0x0000000088000000| Untracked 
| 129|0x0000000088100000, 0x0000000088100000, 0x0000000088200000|  0%| F|  |TAMS 0x0000000088100000, 0x0000000088100000| Untracked 
| 130|0x0000000088200000, 0x0000000088200000, 0x0000000088300000|  0%| F|  |TAMS 0x0000000088200000, 0x0000000088200000| Untracked 
| 131|0x0000000088300000, 0x0000000088300000, 0x0000000088400000|  0%| F|  |TAMS 0x0000000088300000, 0x0000000088300000| Untracked 
| 132|0x0000000088400000, 0x0000000088400000, 0x0000000088500000|  0%| F|  |TAMS 0x0000000088400000, 0x0000000088400000| Untracked 
| 133|0x0000000088500000, 0x0000000088500000, 0x0000000088600000|  0%| F|  |TAMS 0x0000000088500000, 0x0000000088500000| Untracked 
| 134|0x0000000088600000, 0x0000000088600000, 0x0000000088700000|  0%| F|  |TAMS 0x0000000088600000, 0x0000000088600000| Untracked 
| 135|0x0000000088700000, 0x0000000088700000, 0x0000000088800000|  0%| F|  |TAMS 0x0000000088700000, 0x0000000088700000| Untracked 
| 136|0x0000000088800000, 0x0000000088800000, 0x0000000088900000|  0%| F|  |TAMS 0x0000000088800000, 0x0000000088800000| Untracked 
| 137|0x0000000088900000, 0x0000000088900000, 0x0000000088a00000|  0%| F|  |TAMS 0x0000000088900000, 0x0000000088900000| Untracked 
| 138|0x0000000088a00000, 0x0000000088a00000, 0x0000000088b00000|  0%| F|  |TAMS 0x0000000088a00000, 0x0000000088a00000| Untracked 
| 139|0x0000000088b00000, 0x0000000088b00000, 0x0000000088c00000|  0%| F|  |TAMS 0x0000000088b00000, 0x0000000088b00000| Untracked 
| 140|0x0000000088c00000, 0x0000000088c00000, 0x0000000088d00000|  0%| F|  |TAMS 0x0000000088c00000, 0x0000000088c00000| Untracked 
| 141|0x0000000088d00000, 0x0000000088d00000, 0x0000000088e00000|  0%| F|  |TAMS 0x0000000088d00000, 0x0000000088d00000| Untracked 
| 142|0x0000000088e00000, 0x0000000088e00000, 0x0000000088f00000|  0%| F|  |TAMS 0x0000000088e00000, 0x0000000088e00000| Untracked 
| 143|0x0000000088f00000, 0x0000000088f00000, 0x0000000089000000|  0%| F|  |TAMS 0x0000000088f00000, 0x0000000088f00000| Untracked 
| 144|0x0000000089000000, 0x0000000089000000, 0x0000000089100000|  0%| F|  |TAMS 0x0000000089000000, 0x0000000089000000| Untracked 
| 145|0x0000000089100000, 0x0000000089100000, 0x0000000089200000|  0%| F|  |TAMS 0x0000000089100000, 0x0000000089100000| Untracked 
| 146|0x0000000089200000, 0x0000000089300000, 0x0000000089300000|100%| E|  |TAMS 0x0000000089200000, 0x0000000089200000| Complete 
| 147|0x0000000089300000, 0x0000000089400000, 0x0000000089400000|100%| E|CS|TAMS 0x0000000089300000, 0x0000000089300000| Complete 
| 148|0x0000000089400000, 0x0000000089500000, 0x0000000089500000|100%| E|CS|TAMS 0x0000000089400000, 0x0000000089400000| Complete 
| 149|0x0000000089500000, 0x0000000089600000, 0x0000000089600000|100%| E|CS|TAMS 0x0000000089500000, 0x0000000089500000| Complete 
| 150|0x0000000089600000, 0x0000000089700000, 0x0000000089700000|100%| E|CS|TAMS 0x0000000089600000, 0x0000000089600000| Complete 
| 151|0x0000000089700000, 0x0000000089800000, 0x0000000089800000|100%| E|CS|TAMS 0x0000000089700000, 0x0000000089700000| Complete 
| 152|0x0000000089800000, 0x0000000089900000, 0x0000000089900000|100%| E|CS|TAMS 0x0000000089800000, 0x0000000089800000| Complete 
| 153|0x0000000089900000, 0x0000000089a00000, 0x0000000089a00000|100%| E|CS|TAMS 0x0000000089900000, 0x0000000089900000| Complete 
| 154|0x0000000089a00000, 0x0000000089b00000, 0x0000000089b00000|100%| E|CS|TAMS 0x0000000089a00000, 0x0000000089a00000| Complete 
| 155|0x0000000089b00000, 0x0000000089c00000, 0x0000000089c00000|100%| E|CS|TAMS 0x0000000089b00000, 0x0000000089b00000| Complete 
| 156|0x0000000089c00000, 0x0000000089d00000, 0x0000000089d00000|100%| E|CS|TAMS 0x0000000089c00000, 0x0000000089c00000| Complete 
| 157|0x0000000089d00000, 0x0000000089e00000, 0x0000000089e00000|100%| E|  |TAMS 0x0000000089d00000, 0x0000000089d00000| Complete 
| 158|0x0000000089e00000, 0x0000000089f00000, 0x0000000089f00000|100%| E|CS|TAMS 0x0000000089e00000, 0x0000000089e00000| Complete 
| 159|0x0000000089f00000, 0x000000008a000000, 0x000000008a000000|100%| E|CS|TAMS 0x0000000089f00000, 0x0000000089f00000| Complete 
| 160|0x000000008a000000, 0x000000008a100000, 0x000000008a100000|100%| E|CS|TAMS 0x000000008a000000, 0x000000008a000000| Complete 
| 161|0x000000008a100000, 0x000000008a200000, 0x000000008a200000|100%| E|CS|TAMS 0x000000008a100000, 0x000000008a100000| Complete 
| 162|0x000000008a200000, 0x000000008a300000, 0x000000008a300000|100%| E|CS|TAMS 0x000000008a200000, 0x000000008a200000| Complete 
| 163|0x000000008a300000, 0x000000008a400000, 0x000000008a400000|100%| E|CS|TAMS 0x000000008a300000, 0x000000008a300000| Complete 
| 164|0x000000008a400000, 0x000000008a500000, 0x000000008a500000|100%| E|CS|TAMS 0x000000008a400000, 0x000000008a400000| Complete 
| 165|0x000000008a500000, 0x000000008a600000, 0x000000008a600000|100%| E|CS|TAMS 0x000000008a500000, 0x000000008a500000| Complete 
| 166|0x000000008a600000, 0x000000008a700000, 0x000000008a700000|100%| E|CS|TAMS 0x000000008a600000, 0x000000008a600000| Complete 
| 167|0x000000008a700000, 0x000000008a800000, 0x000000008a800000|100%| E|CS|TAMS 0x000000008a700000, 0x000000008a700000| Complete 
| 168|0x000000008a800000, 0x000000008a900000, 0x000000008a900000|100%| E|CS|TAMS 0x000000008a800000, 0x000000008a800000| Complete 
| 169|0x000000008a900000, 0x000000008aa00000, 0x000000008aa00000|100%| E|CS|TAMS 0x000000008a900000, 0x000000008a900000| Complete 
| 170|0x000000008aa00000, 0x000000008ab00000, 0x000000008ab00000|100%| E|CS|TAMS 0x000000008aa00000, 0x000000008aa00000| Complete 
| 171|0x000000008ab00000, 0x000000008ac00000, 0x000000008ac00000|100%| E|CS|TAMS 0x000000008ab00000, 0x000000008ab00000| Complete 
| 172|0x000000008ac00000, 0x000000008ad00000, 0x000000008ad00000|100%| E|CS|TAMS 0x000000008ac00000, 0x000000008ac00000| Complete 
| 173|0x000000008ad00000, 0x000000008ae00000, 0x000000008ae00000|100%| E|CS|TAMS 0x000000008ad00000, 0x000000008ad00000| Complete 
| 174|0x000000008ae00000, 0x000000008af00000, 0x000000008af00000|100%| E|CS|TAMS 0x000000008ae00000, 0x000000008ae00000| Complete 
| 175|0x000000008af00000, 0x000000008b000000, 0x000000008b000000|100%| E|CS|TAMS 0x000000008af00000, 0x000000008af00000| Complete 
| 176|0x000000008b000000, 0x000000008b100000, 0x000000008b100000|100%| E|CS|TAMS 0x000000008b000000, 0x000000008b000000| Complete 
| 177|0x000000008b100000, 0x000000008b200000, 0x000000008b200000|100%| E|CS|TAMS 0x000000008b100000, 0x000000008b100000| Complete 
| 178|0x000000008b200000, 0x000000008b300000, 0x000000008b300000|100%| E|CS|TAMS 0x000000008b200000, 0x000000008b200000| Complete 
| 179|0x000000008b300000, 0x000000008b400000, 0x000000008b400000|100%| E|CS|TAMS 0x000000008b300000, 0x000000008b300000| Complete 
| 180|0x000000008b400000, 0x000000008b500000, 0x000000008b500000|100%| E|CS|TAMS 0x000000008b400000, 0x000000008b400000| Complete 
| 181|0x000000008b500000, 0x000000008b600000, 0x000000008b600000|100%| E|CS|TAMS 0x000000008b500000, 0x000000008b500000| Complete 
| 182|0x000000008b600000, 0x000000008b700000, 0x000000008b700000|100%| E|CS|TAMS 0x000000008b600000, 0x000000008b600000| Complete 
| 183|0x000000008b700000, 0x000000008b800000, 0x000000008b800000|100%| E|CS|TAMS 0x000000008b700000, 0x000000008b700000| Complete 
| 184|0x000000008b800000, 0x000000008b900000, 0x000000008b900000|100%| E|CS|TAMS 0x000000008b800000, 0x000000008b800000| Complete 
| 185|0x000000008b900000, 0x000000008ba00000, 0x000000008ba00000|100%| E|CS|TAMS 0x000000008b900000, 0x000000008b900000| Complete 
| 186|0x000000008ba00000, 0x000000008bb00000, 0x000000008bb00000|100%| E|CS|TAMS 0x000000008ba00000, 0x000000008ba00000| Complete 
| 187|0x000000008bb00000, 0x000000008bc00000, 0x000000008bc00000|100%| E|CS|TAMS 0x000000008bb00000, 0x000000008bb00000| Complete 
| 188|0x000000008bc00000, 0x000000008bd00000, 0x000000008bd00000|100%| E|CS|TAMS 0x000000008bc00000, 0x000000008bc00000| Complete 
| 189|0x000000008bd00000, 0x000000008be00000, 0x000000008be00000|100%| E|CS|TAMS 0x000000008bd00000, 0x000000008bd00000| Complete 
| 190|0x000000008be00000, 0x000000008bf00000, 0x000000008bf00000|100%| E|CS|TAMS 0x000000008be00000, 0x000000008be00000| Complete 
| 191|0x000000008bf00000, 0x000000008c000000, 0x000000008c000000|100%| E|CS|TAMS 0x000000008bf00000, 0x000000008bf00000| Complete 
| 192|0x000000008c000000, 0x000000008c100000, 0x000000008c100000|100%| E|CS|TAMS 0x000000008c000000, 0x000000008c000000| Complete 
| 193|0x000000008c100000, 0x000000008c200000, 0x000000008c200000|100%| E|CS|TAMS 0x000000008c100000, 0x000000008c100000| Complete 
| 194|0x000000008c200000, 0x000000008c300000, 0x000000008c300000|100%| E|CS|TAMS 0x000000008c200000, 0x000000008c200000| Complete 
| 195|0x000000008c300000, 0x000000008c400000, 0x000000008c400000|100%| E|CS|TAMS 0x000000008c300000, 0x000000008c300000| Complete 
| 196|0x000000008c400000, 0x000000008c500000, 0x000000008c500000|100%| E|CS|TAMS 0x000000008c400000, 0x000000008c400000| Complete 
| 197|0x000000008c500000, 0x000000008c600000, 0x000000008c600000|100%| E|CS|TAMS 0x000000008c500000, 0x000000008c500000| Complete 
| 198|0x000000008c600000, 0x000000008c700000, 0x000000008c700000|100%| E|CS|TAMS 0x000000008c600000, 0x000000008c600000| Complete 
| 199|0x000000008c700000, 0x000000008c800000, 0x000000008c800000|100%| E|CS|TAMS 0x000000008c700000, 0x000000008c700000| Complete 
| 200|0x000000008c800000, 0x000000008c900000, 0x000000008c900000|100%| E|CS|TAMS 0x000000008c800000, 0x000000008c800000| Complete 
| 201|0x000000008c900000, 0x000000008ca00000, 0x000000008ca00000|100%| E|CS|TAMS 0x000000008c900000, 0x000000008c900000| Complete 
| 202|0x000000008ca00000, 0x000000008cb00000, 0x000000008cb00000|100%| E|CS|TAMS 0x000000008ca00000, 0x000000008ca00000| Complete 
| 203|0x000000008cb00000, 0x000000008cc00000, 0x000000008cc00000|100%| E|CS|TAMS 0x000000008cb00000, 0x000000008cb00000| Complete 
| 204|0x000000008cc00000, 0x000000008cd00000, 0x000000008cd00000|100%| E|CS|TAMS 0x000000008cc00000, 0x000000008cc00000| Complete 
| 205|0x000000008cd00000, 0x000000008ce00000, 0x000000008ce00000|100%| E|CS|TAMS 0x000000008cd00000, 0x000000008cd00000| Complete 
| 206|0x000000008ce00000, 0x000000008cf00000, 0x000000008cf00000|100%| E|CS|TAMS 0x000000008ce00000, 0x000000008ce00000| Complete 
| 207|0x000000008cf00000, 0x000000008d000000, 0x000000008d000000|100%| E|CS|TAMS 0x000000008cf00000, 0x000000008cf00000| Complete 
| 208|0x000000008d000000, 0x000000008d100000, 0x000000008d100000|100%| E|CS|TAMS 0x000000008d000000, 0x000000008d000000| Complete 
| 209|0x000000008d100000, 0x000000008d200000, 0x000000008d200000|100%| E|CS|TAMS 0x000000008d100000, 0x000000008d100000| Complete 
| 210|0x000000008d200000, 0x000000008d300000, 0x000000008d300000|100%| E|CS|TAMS 0x000000008d200000, 0x000000008d200000| Complete 
| 211|0x000000008d300000, 0x000000008d400000, 0x000000008d400000|100%| E|CS|TAMS 0x000000008d300000, 0x000000008d300000| Complete 
| 212|0x000000008d400000, 0x000000008d500000, 0x000000008d500000|100%| E|CS|TAMS 0x000000008d400000, 0x000000008d400000| Complete 
| 213|0x000000008d500000, 0x000000008d600000, 0x000000008d600000|100%| E|CS|TAMS 0x000000008d500000, 0x000000008d500000| Complete 
| 214|0x000000008d600000, 0x000000008d700000, 0x000000008d700000|100%| E|CS|TAMS 0x000000008d600000, 0x000000008d600000| Complete 
| 215|0x000000008d700000, 0x000000008d800000, 0x000000008d800000|100%| E|CS|TAMS 0x000000008d700000, 0x000000008d700000| Complete 
| 216|0x000000008d800000, 0x000000008d900000, 0x000000008d900000|100%| E|CS|TAMS 0x000000008d800000, 0x000000008d800000| Complete 
| 217|0x000000008d900000, 0x000000008da00000, 0x000000008da00000|100%| E|CS|TAMS 0x000000008d900000, 0x000000008d900000| Complete 
| 218|0x000000008da00000, 0x000000008db00000, 0x000000008db00000|100%| E|CS|TAMS 0x000000008da00000, 0x000000008da00000| Complete 
| 219|0x000000008db00000, 0x000000008dc00000, 0x000000008dc00000|100%| E|CS|TAMS 0x000000008db00000, 0x000000008db00000| Complete 
| 220|0x000000008dc00000, 0x000000008dd00000, 0x000000008dd00000|100%| E|CS|TAMS 0x000000008dc00000, 0x000000008dc00000| Complete 
| 221|0x000000008dd00000, 0x000000008de00000, 0x000000008de00000|100%| E|CS|TAMS 0x000000008dd00000, 0x000000008dd00000| Complete 
| 222|0x000000008de00000, 0x000000008df00000, 0x000000008df00000|100%| E|CS|TAMS 0x000000008de00000, 0x000000008de00000| Complete 
| 223|0x000000008df00000, 0x000000008df7e040, 0x000000008e000000| 49%| S|CS|TAMS 0x000000008df00000, 0x000000008df00000| Complete 
| 224|0x000000008e000000, 0x000000008e100000, 0x000000008e100000|100%| S|CS|TAMS 0x000000008e000000, 0x000000008e000000| Complete 
| 225|0x000000008e100000, 0x000000008e200000, 0x000000008e200000|100%| S|CS|TAMS 0x000000008e100000, 0x000000008e100000| Complete 
| 226|0x000000008e200000, 0x000000008e300000, 0x000000008e300000|100%| S|CS|TAMS 0x000000008e200000, 0x000000008e200000| Complete 
| 227|0x000000008e300000, 0x000000008e400000, 0x000000008e400000|100%| S|CS|TAMS 0x000000008e300000, 0x000000008e300000| Complete 
| 228|0x000000008e400000, 0x000000008e500000, 0x000000008e500000|100%| S|CS|TAMS 0x000000008e400000, 0x000000008e400000| Complete 
| 229|0x000000008e500000, 0x000000008e600000, 0x000000008e600000|100%| E|CS|TAMS 0x000000008e500000, 0x000000008e500000| Complete 
| 230|0x000000008e600000, 0x000000008e700000, 0x000000008e700000|100%| E|CS|TAMS 0x000000008e600000, 0x000000008e600000| Complete 
| 231|0x000000008e700000, 0x000000008e800000, 0x000000008e800000|100%| E|CS|TAMS 0x000000008e700000, 0x000000008e700000| Complete 
| 232|0x000000008e800000, 0x000000008e900000, 0x000000008e900000|100%| E|CS|TAMS 0x000000008e800000, 0x000000008e800000| Complete 
| 233|0x000000008e900000, 0x000000008ea00000, 0x000000008ea00000|100%| E|CS|TAMS 0x000000008e900000, 0x000000008e900000| Complete 
| 234|0x000000008ea00000, 0x000000008eb00000, 0x000000008eb00000|100%| E|CS|TAMS 0x000000008ea00000, 0x000000008ea00000| Complete 
| 235|0x000000008eb00000, 0x000000008ec00000, 0x000000008ec00000|100%| E|CS|TAMS 0x000000008eb00000, 0x000000008eb00000| Complete 
| 236|0x000000008ec00000, 0x000000008ed00000, 0x000000008ed00000|100%| E|CS|TAMS 0x000000008ec00000, 0x000000008ec00000| Complete 
| 237|0x000000008ed00000, 0x000000008ee00000, 0x000000008ee00000|100%| E|CS|TAMS 0x000000008ed00000, 0x000000008ed00000| Complete 
| 238|0x000000008ee00000, 0x000000008ef00000, 0x000000008ef00000|100%| E|CS|TAMS 0x000000008ee00000, 0x000000008ee00000| Complete 
| 239|0x000000008ef00000, 0x000000008f000000, 0x000000008f000000|100%| E|CS|TAMS 0x000000008ef00000, 0x000000008ef00000| Complete 
| 240|0x000000008f000000, 0x000000008f100000, 0x000000008f100000|100%| E|CS|TAMS 0x000000008f000000, 0x000000008f000000| Complete 
| 241|0x000000008f100000, 0x000000008f200000, 0x000000008f200000|100%| E|CS|TAMS 0x000000008f100000, 0x000000008f100000| Complete 
| 242|0x000000008f200000, 0x000000008f300000, 0x000000008f300000|100%| E|CS|TAMS 0x000000008f200000, 0x000000008f200000| Complete 
| 243|0x000000008f300000, 0x000000008f400000, 0x000000008f400000|100%| E|CS|TAMS 0x000000008f300000, 0x000000008f300000| Complete 
| 244|0x000000008f400000, 0x000000008f500000, 0x000000008f500000|100%| E|CS|TAMS 0x000000008f400000, 0x000000008f400000| Complete 
| 245|0x000000008f500000, 0x000000008f600000, 0x000000008f600000|100%| E|CS|TAMS 0x000000008f500000, 0x000000008f500000| Complete 
| 246|0x000000008f600000, 0x000000008f700000, 0x000000008f700000|100%| E|CS|TAMS 0x000000008f600000, 0x000000008f600000| Complete 
| 247|0x000000008f700000, 0x000000008f800000, 0x000000008f800000|100%| E|CS|TAMS 0x000000008f700000, 0x000000008f700000| Complete 
| 248|0x000000008f800000, 0x000000008f900000, 0x000000008f900000|100%| E|CS|TAMS 0x000000008f800000, 0x000000008f800000| Complete 
| 249|0x000000008f900000, 0x000000008fa00000, 0x000000008fa00000|100%| E|CS|TAMS 0x000000008f900000, 0x000000008f900000| Complete 
| 250|0x000000008fa00000, 0x000000008fb00000, 0x000000008fb00000|100%| E|CS|TAMS 0x000000008fa00000, 0x000000008fa00000| Complete 
| 251|0x000000008fb00000, 0x000000008fc00000, 0x000000008fc00000|100%| E|CS|TAMS 0x000000008fb00000, 0x000000008fb00000| Complete 
| 252|0x000000008fc00000, 0x000000008fd00000, 0x000000008fd00000|100%| E|CS|TAMS 0x000000008fc00000, 0x000000008fc00000| Complete 
| 253|0x000000008fd00000, 0x000000008fe00000, 0x000000008fe00000|100%| E|CS|TAMS 0x000000008fd00000, 0x000000008fd00000| Complete 
| 254|0x000000008fe00000, 0x000000008ff00000, 0x000000008ff00000|100%| E|CS|TAMS 0x000000008fe00000, 0x000000008fe00000| Complete 
| 255|0x000000008ff00000, 0x0000000090000000, 0x0000000090000000|100%| E|CS|TAMS 0x000000008ff00000, 0x000000008ff00000| Complete 

Card table byte_map: [0x000001942d590000,0x000001942d990000] _byte_map_base: 0x000001942d190000

Marking Bits (Prev, Next): (CMBitMap*) 0x000001941a381ea8, (CMBitMap*) 0x000001941a381ee0
 Prev Bits: [0x000001942dd90000, 0x000001942fd90000)
 Next Bits: [0x000001942fd90000, 0x0000019431d90000)

Polling page: 0x0000019419b20000

Metaspace:

Usage:
  Non-class:     38.46 MB capacity,    37.80 MB ( 98%) used,   573.41 KB (  1%) free+waste,   105.06 KB ( <1%) overhead. 
      Class:      5.82 MB capacity,     5.46 MB ( 94%) used,   325.95 KB (  5%) free+waste,    50.00 KB ( <1%) overhead. 
       Both:     44.28 MB capacity,    43.25 MB ( 98%) used,   899.35 KB (  2%) free+waste,   155.06 KB ( <1%) overhead. 

Virtual space:
  Non-class space:       40.00 MB reserved,      38.70 MB ( 97%) committed 
      Class space:        1.00 GB reserved,       5.88 MB ( <1%) committed 
             Both:        1.04 GB reserved,      44.58 MB (  4%) committed 

Chunk freelists:
   Non-Class:  58.00 KB
       Class:  22.00 KB
        Both:  80.00 KB

MaxMetaspaceSize: 17179869184.00 GB
CompressedClassSpaceSize: 1.00 GB
Initial GC threshold: 20.80 MB
Current GC threshold: 59.09 MB
CDS: off

CodeHeap 'non-profiled nmethods': size=120000Kb used=2220Kb max_used=2220Kb free=117779Kb
 bounds [0x0000019425930000, 0x0000019425ba0000, 0x000001942ce60000]
CodeHeap 'profiled nmethods': size=120000Kb used=8103Kb max_used=8103Kb free=111896Kb
 bounds [0x000001941e400000, 0x000001941ebf0000, 0x0000019425930000]
CodeHeap 'non-nmethods': size=5760Kb used=2273Kb max_used=2332Kb free=3486Kb
 bounds [0x000001941de60000, 0x000001941e0d0000, 0x000001941e400000]
 total_blobs=4545 nmethods=3776 adapters=681
 compilation: enabled
              stopped_count=0, restarted_count=0
 full_count=0

Compilation events (20 events):
Event: 32.295 Thread 0x00000194350ca800 nmethod 3749 0x000001941ebcd890 code [0x000001941ebcda60, 0x000001941ebcdd98]
Event: 32.295 Thread 0x00000194350ca800 3750       3       com.google.common.cache.LocalCache::usesKeyReferences (16 bytes)
Event: 32.295 Thread 0x00000194350ca800 nmethod 3750 0x000001941ebcdf10 code [0x000001941ebce0c0, 0x000001941ebce238]
Event: 32.295 Thread 0x00000194350ca800 3751       1       com.google.common.cache.LocalCache$2::peek (2 bytes)
Event: 32.295 Thread 0x00000194350ca800 nmethod 3751 0x0000019425b51c10 code [0x0000019425b51dc0, 0x0000019425b51e78]
Event: 32.332 Thread 0x00000194350ca800 3752       3       org.gradle.internal.reflect.JavaPropertyReflectionUtil::doesNotHaveTypeVariable (107 bytes)
Event: 32.333 Thread 0x00000194350ca800 nmethod 3752 0x000001941ebce310 code [0x000001941ebce540, 0x000001941ebcef38]
Event: 32.334 Thread 0x00000194350ca800 3753       1       com.google.common.collect.LinkedHashMultimap$ValueSet::setSuccessorInValueSet (6 bytes)
Event: 32.334 Thread 0x00000194350ca800 nmethod 3753 0x0000019425b51f10 code [0x0000019425b520c0, 0x0000019425b521b8]
Event: 32.334 Thread 0x00000194350ca800 3755       3       com.google.common.collect.AbstractMapBasedMultimap$WrappedCollection::refreshIfEmpty (78 bytes)
Event: 32.334 Thread 0x00000194350ca800 nmethod 3755 0x000001941ebcf110 code [0x000001941ebcf320, 0x000001941ebcfa38]
Event: 32.334 Thread 0x00000194350ca800 3754       3       com.google.common.collect.LinkedHashMultimap::succeedsInMultimap (11 bytes)
Event: 32.335 Thread 0x00000194350ca800 nmethod 3754 0x000001941ebcfc10 code [0x000001941ebcfdc0, 0x000001941ebcff98]
Event: 32.336 Thread 0x00000194350ca800 3756       1       org.codehaus.groovy.reflection.stdclasses.ObjectCachedClass::isAssignableFrom (2 bytes)
Event: 32.336 Thread 0x00000194350ca800 nmethod 3756 0x0000019425b52210 code [0x0000019425b523c0, 0x0000019425b52478]
Event: 32.336 Thread 0x00000194350ca800 3757       3       java.util.ArrayList::sort (45 bytes)
Event: 32.336 Thread 0x00000194350ca800 nmethod 3757 0x000001941ebd0090 code [0x000001941ebd0260, 0x000001941ebd04b8]
Event: 32.337 Thread 0x00000194350ca800 3758       1       groovy.lang.MetaClassImpl$MethodIndexAction::skipClass (2 bytes)
Event: 32.337 Thread 0x00000194350ca800 nmethod 3758 0x0000019425b52510 code [0x0000019425b526c0, 0x0000019425b52778]
Event: 32.341 Thread 0x00000194350c4000 nmethod 3731 0x0000019425b52810 code [0x0000019425b52a40, 0x0000019425b53f70]

GC Heap History (10 events):
Event: 12.313 GC heap before
{Heap before GC invocations=0 (full 0):
 garbage-first heap   total 262144K, used 29696K [0x0000000080000000, 0x0000000100000000)
  region size 1024K, 24 young (24576K), 0 survivors (0K)
 Metaspace       used 10163K, capacity 10334K, committed 10624K, reserved 1058816K
  class space    used 1044K, capacity 1107K, committed 1152K, reserved 1048576K
}
Event: 12.322 GC heap after
{Heap after GC invocations=1 (full 0):
 garbage-first heap   total 262144K, used 9325K [0x0000000080000000, 0x0000000100000000)
  region size 1024K, 3 young (3072K), 3 survivors (3072K)
 Metaspace       used 10163K, capacity 10334K, committed 10624K, reserved 1058816K
  class space    used 1044K, capacity 1107K, committed 1152K, reserved 1048576K
}
Event: 24.875 GC heap before
{Heap before GC invocations=1 (full 0):
 garbage-first heap   total 262144K, used 114797K [0x0000000080000000, 0x0000000100000000)
  region size 1024K, 107 young (109568K), 3 survivors (3072K)
 Metaspace       used 20813K, capacity 21194K, committed 21296K, reserved 1069056K
  class space    used 2532K, capacity 2687K, committed 2688K, reserved 1048576K
}
Event: 24.902 GC heap after
{Heap after GC invocations=2 (full 0):
 garbage-first heap   total 262144K, used 17482K [0x0000000080000000, 0x0000000100000000)
  region size 1024K, 11 young (11264K), 11 survivors (11264K)
 Metaspace       used 20813K, capacity 21194K, committed 21296K, reserved 1069056K
  class space    used 2532K, capacity 2687K, committed 2688K, reserved 1048576K
}
Event: 25.483 GC heap before
{Heap before GC invocations=3 (full 0):
 garbage-first heap   total 262144K, used 38986K [0x0000000080000000, 0x0000000100000000)
  region size 1024K, 33 young (33792K), 11 survivors (11264K)
 Metaspace       used 22675K, capacity 23141K, committed 23420K, reserved 1069056K
  class space    used 2875K, capacity 3065K, committed 3072K, reserved 1048576K
}
Event: 25.495 GC heap after
{Heap after GC invocations=4 (full 0):
 garbage-first heap   total 262144K, used 18176K [0x0000000080000000, 0x0000000100000000)
  region size 1024K, 2 young (2048K), 2 survivors (2048K)
 Metaspace       used 22675K, capacity 23141K, committed 23420K, reserved 1069056K
  class space    used 2875K, capacity 3065K, committed 3072K, reserved 1048576K
}
Event: 27.377 GC heap before
{Heap before GC invocations=4 (full 0):
 garbage-first heap   total 262144K, used 86784K [0x0000000080000000, 0x0000000100000000)
  region size 1024K, 69 young (70656K), 2 survivors (2048K)
 Metaspace       used 29388K, capacity 30060K, committed 30336K, reserved 1075200K
  class space    used 3881K, capacity 4142K, committed 4224K, reserved 1048576K
}
Event: 27.383 GC heap after
{Heap after GC invocations=5 (full 0):
 garbage-first heap   total 262144K, used 20063K [0x0000000080000000, 0x0000000100000000)
  region size 1024K, 4 young (4096K), 4 survivors (4096K)
 Metaspace       used 29388K, capacity 30060K, committed 30336K, reserved 1075200K
  class space    used 3881K, capacity 4142K, committed 4224K, reserved 1048576K
}
Event: 28.593 GC heap before
{Heap before GC invocations=5 (full 0):
 garbage-first heap   total 262144K, used 46687K [0x0000000080000000, 0x0000000100000000)
  region size 1024K, 31 young (31744K), 4 survivors (4096K)
 Metaspace       used 35172K, capacity 35945K, committed 36048K, reserved 1081344K
  class space    used 4518K, capacity 4807K, committed 4864K, reserved 1048576K
}
Event: 28.608 GC heap after
{Heap after GC invocations=6 (full 0):
 garbage-first heap   total 262144K, used 22555K [0x0000000080000000, 0x0000000100000000)
  region size 1024K, 6 young (6144K), 6 survivors (6144K)
 Metaspace       used 35172K, capacity 35945K, committed 36048K, reserved 1081344K
  class space    used 4518K, capacity 4807K, committed 4864K, reserved 1048576K
}

Deoptimization events (20 events):
Event: 31.887 Thread 0x0000019435187800 Uncommon trap: trap_request=0xffffff4d fr.pc=0x000001942595b914 relative=0x00000000000000d4
Event: 31.887 Thread 0x0000019435187800 Uncommon trap: reason=unstable_if action=reinterpret pc=0x000001942595b914 method=java.util.HashMap.hash(Ljava/lang/Object;)I @ 1 c2
Event: 31.887 Thread 0x0000019435187800 DEOPT PACKING pc=0x000001942595b914 sp=0x0000007dc07f8600
Event: 31.888 Thread 0x0000019435187800 DEOPT UNPACKING pc=0x000001941deaa1af sp=0x0000007dc07f8540 mode 2
Event: 31.888 Thread 0x0000019435187800 Uncommon trap: trap_request=0xffffff4d fr.pc=0x0000019425aa9244 relative=0x00000000000006c4
Event: 31.888 Thread 0x0000019435187800 Uncommon trap: reason=unstable_if action=reinterpret pc=0x0000019425aa9244 method=java.util.HashMap.putVal(ILjava/lang/Object;Ljava/lang/Object;ZZ)Ljava/lang/Object; @ 85 c2
Event: 31.888 Thread 0x0000019435187800 DEOPT PACKING pc=0x0000019425aa9244 sp=0x0000007dc07f8530
Event: 31.888 Thread 0x0000019435187800 DEOPT UNPACKING pc=0x000001941deaa1af sp=0x0000007dc07f84e8 mode 2
Event: 31.893 Thread 0x0000019435187800 Uncommon trap: trap_request=0xffffff4d fr.pc=0x0000019425ad8a78 relative=0x0000000000000318
Event: 31.893 Thread 0x0000019435187800 Uncommon trap: reason=unstable_if action=reinterpret pc=0x0000019425ad8a78 method=org.gradle.internal.reflect.PropertyAccessorType.isGetGetterName(Ljava/lang/String;)Z @ 14 c2
Event: 31.893 Thread 0x0000019435187800 DEOPT PACKING pc=0x0000019425ad8a78 sp=0x0000007dc07f9050
Event: 31.893 Thread 0x0000019435187800 DEOPT UNPACKING pc=0x000001941deaa1af sp=0x0000007dc07f8fa8 mode 2
Event: 31.936 Thread 0x0000019435187800 Uncommon trap: trap_request=0xffffff4d fr.pc=0x0000019425aeed88 relative=0x00000000000000e8
Event: 31.936 Thread 0x0000019435187800 Uncommon trap: reason=unstable_if action=reinterpret pc=0x0000019425aeed88 method=org.objectweb.asm.ByteVector.putShort(I)Lorg/objectweb/asm/ByteVector; @ 13 c2
Event: 31.936 Thread 0x0000019435187800 DEOPT PACKING pc=0x0000019425aeed88 sp=0x0000007dc07f8ab0
Event: 31.936 Thread 0x0000019435187800 DEOPT UNPACKING pc=0x000001941deaa1af sp=0x0000007dc07f8a48 mode 2
Event: 32.014 Thread 0x0000019435187800 Uncommon trap: trap_request=0xffffff4d fr.pc=0x0000019425b2b338 relative=0x0000000000001938
Event: 32.016 Thread 0x0000019435187800 Uncommon trap: reason=unstable_if action=reinterpret pc=0x0000019425b2b338 method=java.util.concurrent.ConcurrentHashMap.computeIfAbsent(Ljava/lang/Object;Ljava/util/function/Function;)Ljava/lang/Object; @ 123 c2
Event: 32.016 Thread 0x0000019435187800 DEOPT PACKING pc=0x0000019425b2b338 sp=0x0000007dc07f9f10
Event: 32.016 Thread 0x0000019435187800 DEOPT UNPACKING pc=0x000001941deaa1af sp=0x0000007dc07f9ea0 mode 2

Classes redefined (0 events):
No events

Internal exceptions (20 events):
Event: 31.061 Thread 0x0000019435187800 Exception <a 'java/lang/ClassNotFoundException'{0x000000008bc3b190}: org/gradle/api/internal/provider/DefaultPropertyBeanInfo> (0x000000008bc3b190) thrown at [./src/hotspot/share/classfile/systemDictionary.cpp, line 231]
Event: 31.063 Thread 0x0000019435187800 Exception <a 'java/lang/ClassNotFoundException'{0x000000008bc618a8}: org/gradle/api/internal/provider/AbstractPropertyBeanInfo> (0x000000008bc618a8) thrown at [./src/hotspot/share/classfile/systemDictionary.cpp, line 231]
Event: 31.067 Thread 0x0000019435187800 Exception <a 'java/lang/ClassNotFoundException'{0x000000008bc8aef8}: org/gradle/api/internal/provider/AbstractMinimalProviderBeanInfo> (0x000000008bc8aef8) thrown at [./src/hotspot/share/classfile/systemDictionary.cpp, line 231]
Event: 31.070 Thread 0x0000019435187800 Exception <a 'java/lang/ClassNotFoundException'{0x000000008bcb4310}: org/gradle/api/internal/provider/AbstractMinimalProviderCustomizer> (0x000000008bcb4310) thrown at [./src/hotspot/share/classfile/systemDictionary.cpp, line 231]
Event: 31.085 Thread 0x0000019435187800 Exception <a 'java/lang/ClassNotFoundException'{0x000000008bb15df8}: org/gradle/api/internal/provider/AbstractPropertyCustomizer> (0x000000008bb15df8) thrown at [./src/hotspot/share/classfile/systemDictionary.cpp, line 231]
Event: 31.088 Thread 0x0000019435187800 Exception <a 'java/lang/ClassNotFoundException'{0x000000008bb48c08}: org/gradle/api/internal/provider/DefaultPropertyCustomizer> (0x000000008bb48c08) thrown at [./src/hotspot/share/classfile/systemDictionary.cpp, line 231]
Event: 31.236 Thread 0x0000019435187800 Exception <a 'java/lang/ClassNotFoundException'{0x000000008b93fdc0}: org/gradle/initialization/DefaultProjectDescriptorBeanInfo> (0x000000008b93fdc0) thrown at [./src/hotspot/share/classfile/systemDictionary.cpp, line 231]
Event: 31.237 Thread 0x0000019435187800 Exception <a 'java/lang/ClassNotFoundException'{0x000000008b966300}: org/gradle/initialization/DefaultProjectDescriptorCustomizer> (0x000000008b966300) thrown at [./src/hotspot/share/classfile/systemDictionary.cpp, line 231]
Event: 31.246 Thread 0x0000019435187800 Implicit null exception at 0x0000019425a9716c to 0x0000019425a97214
Event: 31.614 Thread 0x0000019438491000 Exception <a 'java/lang/NoSuchMethodError'{0x000000008ff0fbf8}: <clinit>> (0x000000008ff0fbf8) thrown at [./src/hotspot/share/prims/jni.cpp, line 1366]
Event: 31.616 Thread 0x0000019438491000 Exception <a 'java/lang/NoSuchMethodError'{0x000000008ff112e8}: <clinit>> (0x000000008ff112e8) thrown at [./src/hotspot/share/prims/jni.cpp, line 1366]
Event: 31.621 Thread 0x0000019438491000 Exception <a 'java/lang/NoSuchMethodError'{0x000000008ae8b2d8}: <clinit>> (0x000000008ae8b2d8) thrown at [./src/hotspot/share/prims/jni.cpp, line 1366]
Event: 31.621 Thread 0x0000019438491000 Exception <a 'java/lang/NoSuchMethodError'{0x000000008ae8d660}: <clinit>> (0x000000008ae8d660) thrown at [./src/hotspot/share/prims/jni.cpp, line 1366]
Event: 31.625 Thread 0x0000019438491000 Exception <a 'java/lang/NoSuchMethodError'{0x000000008ae9d3d0}: <clinit>> (0x000000008ae9d3d0) thrown at [./src/hotspot/share/prims/jni.cpp, line 1366]
Event: 31.887 Thread 0x0000019435187800 Implicit null exception at 0x0000019425a1e374 to 0x0000019425a1e584
Event: 31.887 Thread 0x0000019435187800 Implicit null exception at 0x000001942595b878 to 0x000001942595b90a
Event: 32.338 Thread 0x0000019435187800 Exception <a 'java/lang/ClassNotFoundException'{0x00000000899279f8}: build_7jsiki54cq19d3id4fy23hvi1BeanInfo> (0x00000000899279f8) thrown at [./src/hotspot/share/classfile/systemDictionary.cpp, line 231]
Event: 32.339 Thread 0x0000019435187800 Exception <a 'java/lang/ClassNotFoundException'{0x000000008993edb0}: org/gradle/api/internal/project/ProjectScriptBeanInfo> (0x000000008993edb0) thrown at [./src/hotspot/share/classfile/systemDictionary.cpp, line 231]
Event: 32.340 Thread 0x0000019435187800 Exception <a 'java/lang/ClassNotFoundException'{0x00000000899565e0}: org/gradle/api/internal/project/ProjectScriptCustomizer> (0x00000000899565e0) thrown at [./src/hotspot/share/classfile/systemDictionary.cpp, line 231]
Event: 32.342 Thread 0x0000019435187800 Exception <a 'java/lang/ClassNotFoundException'{0x00000000899724b0}: build_7jsiki54cq19d3id4fy23hvi1Customizer> (0x00000000899724b0) thrown at [./src/hotspot/share/classfile/systemDictionary.cpp, line 231]

Events (20 events):
Event: 32.338 loading class build_7jsiki54cq19d3id4fy23hvi1BeanInfo
Event: 32.338 loading class build_7jsiki54cq19d3id4fy23hvi1BeanInfo done
Event: 32.338 loading class build_7jsiki54cq19d3id4fy23hvi1BeanInfo
Event: 32.338 loading class build_7jsiki54cq19d3id4fy23hvi1BeanInfo done
Event: 32.338 loading class org/gradle/api/internal/project/ProjectScriptBeanInfo
Event: 32.338 loading class org/gradle/api/internal/project/ProjectScriptBeanInfo done
Event: 32.338 loading class org/gradle/api/internal/project/ProjectScriptBeanInfo
Event: 32.338 loading class org/gradle/api/internal/project/ProjectScriptBeanInfo done
Event: 32.339 loading class org/gradle/api/internal/project/ProjectScriptBeanInfo
Event: 32.339 loading class org/gradle/api/internal/project/ProjectScriptBeanInfo done
Event: 32.339 loading class org/gradle/api/internal/project/ProjectScriptCustomizer
Event: 32.339 loading class org/gradle/api/internal/project/ProjectScriptCustomizer done
Event: 32.339 loading class org/gradle/api/internal/project/ProjectScriptCustomizer
Event: 32.339 loading class org/gradle/api/internal/project/ProjectScriptCustomizer done
Event: 32.339 loading class org/gradle/api/internal/project/ProjectScriptCustomizer
Event: 32.339 loading class org/gradle/api/internal/project/ProjectScriptCustomizer done
Event: 32.341 loading class build_7jsiki54cq19d3id4fy23hvi1Customizer
Event: 32.341 loading class build_7jsiki54cq19d3id4fy23hvi1Customizer done
Event: 32.342 loading class build_7jsiki54cq19d3id4fy23hvi1Customizer
Event: 32.342 loading class build_7jsiki54cq19d3id4fy23hvi1Customizer done


Dynamic libraries:
0x00007ff705330000 - 0x00007ff70533a000 	D:\Application\jre\bin\java.exe
0x00007fffd7800000 - 0x00007fffd7a09000 	C:\WINDOWS\SYSTEM32\ntdll.dll
0x00007fffd57d0000 - 0x00007fffd588e000 	C:\WINDOWS\System32\KERNEL32.DLL
0x00007fffd5070000 - 0x00007fffd53eb000 	C:\WINDOWS\System32\KERNELBASE.dll
0x00007fffd53f0000 - 0x00007fffd5501000 	C:\WINDOWS\System32\ucrtbase.dll
0x00007fffcd1f0000 - 0x00007fffcd209000 	D:\Application\jre\bin\jli.dll
0x00007fffd6320000 - 0x00007fffd64cd000 	C:\WINDOWS\System32\USER32.dll
0x00007fffb90f0000 - 0x00007fffb9395000 	C:\WINDOWS\WinSxS\amd64_microsoft.windows.common-controls_6595b64144ccf1df_6.0.22000.120_none_9d947278b86cc467\COMCTL32.dll
0x00007fffd55d0000 - 0x00007fffd55f6000 	C:\WINDOWS\System32\win32u.dll
0x00007fffd7200000 - 0x00007fffd72a3000 	C:\WINDOWS\System32\msvcrt.dll
0x00007fffd5cc0000 - 0x00007fffd5ce9000 	C:\WINDOWS\System32\GDI32.dll
0x00007fffd4f50000 - 0x00007fffd5068000 	C:\WINDOWS\System32\gdi32full.dll
0x00007fffd4eb0000 - 0x00007fffd4f4d000 	C:\WINDOWS\System32\msvcp_win.dll
0x00007fffba6a0000 - 0x00007fffba6b7000 	D:\Application\jre\bin\VCRUNTIME140.dll
0x00007fffd6170000 - 0x00007fffd61a2000 	C:\WINDOWS\System32\IMM32.DLL
0x00007fffa3f70000 - 0x00007fffa400d000 	D:\Application\jre\bin\msvcp140.dll
0x00007fff42b30000 - 0x00007fff43632000 	D:\Application\jre\bin\server\jvm.dll
0x00007fffd5680000 - 0x00007fffd572e000 	C:\WINDOWS\System32\ADVAPI32.dll
0x00007fffd5730000 - 0x00007fffd57ce000 	C:\WINDOWS\System32\sechost.dll
0x00007fffd64d0000 - 0x00007fffd65f0000 	C:\WINDOWS\System32\RPCRT4.dll
0x00007fffd6810000 - 0x00007fffd6818000 	C:\WINDOWS\System32\PSAPI.DLL
0x00007fffcce80000 - 0x00007fffcce89000 	C:\WINDOWS\SYSTEM32\WSOCK32.dll
0x00007fffd6fe0000 - 0x00007fffd704f000 	C:\WINDOWS\System32\WS2_32.dll
0x00007fffcac00000 - 0x00007fffcac33000 	C:\WINDOWS\SYSTEM32\WINMM.dll
0x00007fffc9580000 - 0x00007fffc958a000 	C:\WINDOWS\SYSTEM32\VERSION.dll
0x00007fffd3d10000 - 0x00007fffd3d28000 	C:\WINDOWS\SYSTEM32\kernel.appcore.dll
0x00007fffb65f0000 - 0x00007fffb6601000 	D:\Application\jre\bin\verify.dll
0x00007fffcda00000 - 0x00007fffcdc21000 	C:\WINDOWS\SYSTEM32\DBGHELP.DLL
0x00007fffb8ec0000 - 0x00007fffb8ef1000 	C:\WINDOWS\SYSTEM32\dbgcore.DLL
0x00007fffd5600000 - 0x00007fffd567f000 	C:\WINDOWS\System32\bcryptPrimitives.dll
0x00007fffaf1d0000 - 0x00007fffaf1f9000 	D:\Application\jre\bin\java.dll
0x00007fffcaca0000 - 0x00007fffcacab000 	D:\Application\jre\bin\jimage.dll
0x00007fffb52a0000 - 0x00007fffb52b8000 	D:\Application\jre\bin\zip.dll
0x00007fffd6820000 - 0x00007fffd6fd8000 	C:\WINDOWS\System32\SHELL32.dll
0x00007fffd2d80000 - 0x00007fffd35e5000 	C:\WINDOWS\SYSTEM32\windows.storage.dll
0x00007fffd7340000 - 0x00007fffd76b8000 	C:\WINDOWS\System32\combase.dll
0x00007fffd2c10000 - 0x00007fffd2d76000 	C:\WINDOWS\SYSTEM32\wintypes.dll
0x00007fffd7050000 - 0x00007fffd713a000 	C:\WINDOWS\System32\SHCORE.dll
0x00007fffd61e0000 - 0x00007fffd623d000 	C:\WINDOWS\System32\shlwapi.dll
0x00007fffd4c00000 - 0x00007fffd4c21000 	C:\WINDOWS\SYSTEM32\profapi.dll
0x00007fffaf930000 - 0x00007fffaf94a000 	D:\Application\jre\bin\net.dll
0x00007fffc9ab0000 - 0x00007fffc9bc4000 	C:\WINDOWS\SYSTEM32\WINHTTP.dll
0x00007fffd41a0000 - 0x00007fffd4207000 	C:\WINDOWS\system32\mswsock.dll
0x00007fffaf4a0000 - 0x00007fffaf4b4000 	D:\Application\jre\bin\nio.dll
0x00007fffae010000 - 0x00007fffae037000 	C:\Users\Dinda\.gradle\native\e1d6ef7f7dcc3fd88c89a11ec53ec762bb8ba0a96d01ffa2cd45eb1d1d8dd5c5\windows-amd64\native-platform.dll
0x00007fff9f0f0000 - 0x00007fff9f234000 	C:\Users\Dinda\.gradle\native\0d407fdbe67a94daf76414ababcb853783967236a71b16ec16e742cd7a986fd3\windows-amd64\native-platform-file-events.dll
0x00007fffc21d0000 - 0x00007fffc21da000 	D:\Application\jre\bin\management.dll
0x00007fffc15f0000 - 0x00007fffc15fd000 	D:\Application\jre\bin\management_ext.dll
0x00007fffd4480000 - 0x00007fffd4498000 	C:\WINDOWS\SYSTEM32\CRYPTSP.dll
0x00007fffd3c70000 - 0x00007fffd3ca5000 	C:\WINDOWS\system32\rsaenh.dll
0x00007fffd4240000 - 0x00007fffd4269000 	C:\WINDOWS\SYSTEM32\USERENV.dll
0x00007fffd45c0000 - 0x00007fffd45e7000 	C:\WINDOWS\SYSTEM32\bcrypt.dll
0x00007fffd4390000 - 0x00007fffd439c000 	C:\WINDOWS\SYSTEM32\CRYPTBASE.dll
0x00007fffd3840000 - 0x00007fffd386d000 	C:\WINDOWS\SYSTEM32\IPHLPAPI.DLL
0x00007fffd61d0000 - 0x00007fffd61d9000 	C:\WINDOWS\System32\NSI.dll
0x00007fffca3a0000 - 0x00007fffca3b9000 	C:\WINDOWS\SYSTEM32\dhcpcsvc6.DLL
0x00007fffca7f0000 - 0x00007fffca80e000 	C:\WINDOWS\SYSTEM32\dhcpcsvc.DLL
0x00007fffd3870000 - 0x00007fffd3958000 	C:\WINDOWS\SYSTEM32\DNSAPI.dll

dbghelp: loaded successfully - version: 4.0.5 - missing functions: none
symbol engine: initialized successfully - sym options: 0x614 - pdb path: .;D:\Application\jre\bin;C:\WINDOWS\SYSTEM32;C:\WINDOWS\WinSxS\amd64_microsoft.windows.common-controls_6595b64144ccf1df_6.0.22000.120_none_9d947278b86cc467;D:\Application\jre\bin\server;C:\Users\Dinda\.gradle\native\e1d6ef7f7dcc3fd88c89a11ec53ec762bb8ba0a96d01ffa2cd45eb1d1d8dd5c5\windows-amd64;C:\Users\Dinda\.gradle\native\0d407fdbe67a94daf76414ababcb853783967236a71b16ec16e742cd7a986fd3\windows-amd64

VM Arguments:
jvm_args: --add-opens=java.base/java.util=ALL-UNNAMED --add-opens=java.base/java.lang=ALL-UNNAMED --add-opens=java.base/java.lang.invoke=ALL-UNNAMED --add-opens=java.base/java.util=ALL-UNNAMED --add-opens=java.prefs/java.util.prefs=ALL-UNNAMED --add-opens=java.prefs/java.util.prefs=ALL-UNNAMED --add-opens=java.base/java.nio.charset=ALL-UNNAMED --add-opens=java.base/java.net=ALL-UNNAMED --add-opens=java.base/java.util.concurrent.atomic=ALL-UNNAMED -Xmx2048m -Dfile.encoding=UTF-8 -Duser.country=ID -Duser.language=en -Duser.variant 
java_command: org.gradle.launcher.daemon.bootstrap.GradleDaemon 7.4
java_class_path (initial): C:\Users\Dinda\.gradle\wrapper\dists\gradle-7.4-bin\c0gwcg53nkjbqw7r0h0umtfvt\gradle-7.4\lib\gradle-launcher-7.4.jar
Launcher Type: SUN_STANDARD

[Global flags]
     intx CICompilerCount                          = 4                                         {product} {ergonomic}
     uint ConcGCThreads                            = 2                                         {product} {ergonomic}
     uint G1ConcRefinementThreads                  = 8                                         {product} {ergonomic}
   size_t G1HeapRegionSize                         = 1048576                                   {product} {ergonomic}
    uintx GCDrainStackTargetSize                   = 64                                        {product} {ergonomic}
   size_t InitialHeapSize                          = 268435456                                 {product} {ergonomic}
   size_t MarkStackSize                            = 4194304                                   {product} {ergonomic}
   size_t MaxHeapSize                              = 2147483648                                {product} {command line}
   size_t MaxNewSize                               = 1287651328                                {product} {ergonomic}
   size_t MinHeapDeltaBytes                        = 1048576                                   {product} {ergonomic}
    uintx NonNMethodCodeHeapSize                   = 5836300                                {pd product} {ergonomic}
    uintx NonProfiledCodeHeapSize                  = 122910970                              {pd product} {ergonomic}
    uintx ProfiledCodeHeapSize                     = 122910970                              {pd product} {ergonomic}
    uintx ReservedCodeCacheSize                    = 251658240                              {pd product} {ergonomic}
     bool SegmentedCodeCache                       = true                                      {product} {ergonomic}
     bool UseCompressedClassPointers               = true                                 {lp64_product} {ergonomic}
     bool UseCompressedOops                        = true                                 {lp64_product} {ergonomic}
     bool UseG1GC                                  = true                                      {product} {ergonomic}
     bool UseLargePagesIndividualAllocation        = false                                  {pd product} {ergonomic}

Logging:
Log output configuration:
 #0: stdout all=warning uptime,level,tags
 #1: stderr all=off uptime,level,tags

Environment Variables:
PATH=C:\Program Files (x86)\VMware\VMware Player\bin\;C:\Program Files\Common Files\Oracle\Java\javapath;C:\WINDOWS\system32;C:\WINDOWS;C:\WINDOWS\System32\Wbem;C:\WINDOWS\System32\WindowsPowerShell\v1.0\;C:\WINDOWS\System32\OpenSSH\;C:\Program Files (x86)\Intel\Intel(R) Management Engine Components\DAL;C:\Program Files\Intel\Intel(R) Management Engine Components\DAL;C:\Program Files\Git\cmd;C:\Users\Dinda\AppData\Local\Microsoft\WindowsApps;;C:\Users\Dinda\AppData\Local\Programs\Microsoft VS Code\bin
USERNAME=Dinda
OS=Windows_NT
PROCESSOR_IDENTIFIER=Intel64 Family 6 Model 142 Stepping 10, GenuineIntel



---------------  S Y S T E M  ---------------

OS: Windows 11 , 64 bit Build 22000 (10.0.22000.1219)
OS uptime: 7 days 23:34 hours
Hyper-V role detected

CPU:total 8 (initial active 8) (4 cores per cpu, 2 threads per core) family 6 model 142 stepping 10 microcode 0xf0, cmov, cx8, fxsr, mmx, sse, sse2, sse3, ssse3, sse4.1, sse4.2, popcnt, avx, avx2, aes, clmul, erms, 3dnowpref, lzcnt, ht, tsc, tscinvbit, bmi1, bmi2, adx, fma

Memory: 4k page, system-wide physical 16275M (2636M free)
TotalPageFile size 22660M (AvailPageFile size 5178M)
current process WorkingSet (physical memory assigned to process): 322M, peak: 322M
current process commit charge ("private bytes"): 478M, peak: 478M

vm_info: OpenJDK 64-Bit Server VM (11.0.13+0-b1751.21-8125866) for windows-amd64 JRE (11.0.13+0-b1751.21-8125866), built on Feb  2 2022 03:00:22 by "builder" with MS VC++ 14.0 (VS2015)

END.
